<?xml version="1.0" encoding="UTF-8"?>
<testng-results ignored="7" total="8" passed="1" failed="0" skipped="0">
  <reporter-output>
  </reporter-output>
  <suite started-at="2022-12-09T11:34:11 IST" name="Default suite" finished-at="2022-12-09T11:35:44 IST" duration-ms="93739">
    <groups>
    </groups>
    <test started-at="2022-12-09T11:34:11 IST" name="Default test" finished-at="2022-12-09T11:35:44 IST" duration-ms="93739">
      <class name="appium.native_apps">
        <test-method is-config="true" signature="BT()[pri:0, instance:appium.native_apps@5d534f5d]" started-at="2022-12-09T11:34:11 IST" name="BT" finished-at="2022-12-09T11:34:29 IST" duration-ms="18420" status="PASS">
          <reporter-output>
          </reporter-output>
        </test-method> <!-- BT -->
        <test-method signature="task()[pri:0, instance:appium.native_apps@5d534f5d]" started-at="2022-12-09T11:34:29 IST" name="task" finished-at="2022-12-09T11:35:44 IST" duration-ms="75241" status="PASS">
          <reporter-output>
          </reporter-output>
        </test-method> <!-- task -->
      </class> <!-- appium.native_apps -->
    </test> <!-- Default test -->
  </suite> <!-- Default suite -->
</testng-results>
