<?xml version="1.0" encoding="UTF-8"?>
<!-- Generated by org.testng.reporters.JUnitXMLReporter -->
<testsuite ignored="7" hostname="LAPTOP-D78H200V" failures="0" tests="1" name="Default test" time="93.739" errors="0" timestamp="2022-12-09T11:35:44 IST">
  <testcase classname="appium.native_apps" name="task" time="75.241"/>
  <testcase classname="appium.native_apps" name="draganddrop" time="0.0">
    <ignored/>
  </testcase> <!-- draganddrop -->
  <testcase classname="appium.native_apps" name="tap_longpress" time="0.0">
    <ignored/>
  </testcase> <!-- tap_longpress -->
  <testcase classname="appium.native_apps" name="test1" time="0.0">
    <ignored/>
  </testcase> <!-- test1 -->
  <testcase classname="appium.native_apps" name="switchapp" time="0.0">
    <ignored/>
  </testcase> <!-- switchapp -->
  <testcase classname="appium.native_apps" name="scroll" time="0.0">
    <ignored/>
  </testcase> <!-- scroll -->
  <testcase classname="appium.native_apps" name="test" time="0.0">
    <ignored/>
  </testcase> <!-- test -->
  <testcase classname="appium.native_apps" name="swipe_actions" time="0.0">
    <ignored/>
  </testcase> <!-- swipe_actions -->
</testsuite> <!-- Default test -->
